2020-07-21 22:15:09,985 INFO 29027 [egg:logger] init all loggers with options: {"dir":"/Users/dkhuang/Documents/nodeService/eggjsApiForJsShop/logs/init","encoding":"utf8","env":"local","level":"INFO","consoleLevel":"INFO","disableConsoleAfterReady":false,"outputJSON":false,"buffer":true,"appLogName":"init-web.log","coreLogName":"egg-web.log","agentLogName":"egg-agent.log","errorLogName":"common-error.log","coreLogger":{"consoleLevel":"WARN"},"allowDebugAtProd":false,"type":"application"}
2020-07-21 22:15:10,005 INFO 29027 [egg-multipart] stream mode enable
2020-07-21 22:15:10,042 INFO 29027 [egg-static] starting static serve /public/ -> /Users/dkhuang/Documents/nodeService/eggjsApiForJsShop/app/public
2020-07-21 22:15:10,044 INFO 29027 [egg-security] use csrf middleware
2020-07-21 22:15:10,045 INFO 29027 [egg-security] use methodnoallow middleware
2020-07-21 22:15:10,045 INFO 29027 [egg-security] use noopen middleware
2020-07-21 22:15:10,046 INFO 29027 [egg-security] use nosniff middleware
2020-07-21 22:15:10,046 INFO 29027 [egg-security] use xssProtection middleware
2020-07-21 22:15:10,046 INFO 29027 [egg-security] use xframe middleware
2020-07-21 22:15:10,047 INFO 29027 [egg-security] use dta middleware
2020-07-21 22:15:10,047 INFO 29027 [egg-security] compose 7 middlewares into one security middleware
2020-07-21 22:15:10,053 INFO 29027 [egg:core] dump config after load, 3ms
2020-07-21 22:15:10,063 INFO 29027 [egg-watcher:application] watcher start success
2020-07-21 22:15:10,067 INFO 29027 [egg:core] dump config after ready, 3ms
2020-07-22 09:14:27,562 INFO 840 [egg:logger] init all loggers with options: {"dir":"E:\\Nodejs\\eggjsApiForJsShop\\logs\\init","encoding":"utf8","env":"local","level":"INFO","consoleLevel":"INFO","disableConsoleAfterReady":false,"outputJSON":false,"buffer":true,"appLogName":"init-web.log","coreLogName":"egg-web.log","agentLogName":"egg-agent.log","errorLogName":"common-error.log","coreLogger":{"consoleLevel":"WARN"},"allowDebugAtProd":false,"type":"application"}
2020-07-22 09:14:27,590 INFO 840 [egg-multipart] stream mode enable
2020-07-22 09:14:27,656 INFO 840 [egg-static] starting static serve /public/ -> E:\Nodejs\eggjsApiForJsShop\app\public
2020-07-22 09:14:27,661 INFO 840 [egg-security] use csrf middleware
2020-07-22 09:14:27,662 INFO 840 [egg-security] use methodnoallow middleware
2020-07-22 09:14:27,663 INFO 840 [egg-security] use noopen middleware
2020-07-22 09:14:27,664 INFO 840 [egg-security] use nosniff middleware
2020-07-22 09:14:27,664 INFO 840 [egg-security] use xssProtection middleware
2020-07-22 09:14:27,664 INFO 840 [egg-security] use xframe middleware
2020-07-22 09:14:27,665 INFO 840 [egg-security] use dta middleware
2020-07-22 09:14:27,665 INFO 840 [egg-security] compose 7 middlewares into one security middleware
2020-07-22 09:14:27,672 INFO 840 [egg:core] dump config after load, 4ms
2020-07-22 09:14:27,682 INFO 840 [egg-watcher:application] watcher start success
2020-07-22 09:14:27,687 INFO 840 [egg:core] dump config after ready, 3ms
2020-07-22 09:22:25,310 INFO 17256 [egg:logger] init all loggers with options: {"dir":"E:\\Nodejs\\eggjsApiForJsShop\\logs\\init","encoding":"utf8","env":"local","level":"INFO","consoleLevel":"INFO","disableConsoleAfterReady":false,"outputJSON":false,"buffer":true,"appLogName":"init-web.log","coreLogName":"egg-web.log","agentLogName":"egg-agent.log","errorLogName":"common-error.log","coreLogger":{"consoleLevel":"WARN"},"allowDebugAtProd":false,"type":"application"}
2020-07-22 09:22:25,335 INFO 17256 [egg-multipart] stream mode enable
2020-07-22 09:22:25,401 INFO 17256 [egg-static] starting static serve /public/ -> E:\Nodejs\eggjsApiForJsShop\app\public
2020-07-22 09:22:25,404 INFO 17256 [egg-security] use csrf middleware
2020-07-22 09:22:25,405 INFO 17256 [egg-security] use methodnoallow middleware
2020-07-22 09:22:25,406 INFO 17256 [egg-security] use noopen middleware
2020-07-22 09:22:25,407 INFO 17256 [egg-security] use nosniff middleware
2020-07-22 09:22:25,408 INFO 17256 [egg-security] use xssProtection middleware
2020-07-22 09:22:25,408 INFO 17256 [egg-security] use xframe middleware
2020-07-22 09:22:25,409 INFO 17256 [egg-security] use dta middleware
2020-07-22 09:22:25,409 INFO 17256 [egg-security] compose 7 middlewares into one security middleware
2020-07-22 09:22:25,419 INFO 17256 [egg:core] dump config after load, 7ms
2020-07-22 09:22:25,428 INFO 17256 [egg-watcher:application] watcher start success
2020-07-22 09:22:25,437 INFO 17256 [egg:core] dump config after ready, 7ms
2020-07-22 09:23:22,055 INFO 3672 [egg:logger] init all loggers with options: {"dir":"E:\\Nodejs\\eggjsApiForJsShop\\logs\\init","encoding":"utf8","env":"local","level":"INFO","consoleLevel":"INFO","disableConsoleAfterReady":false,"outputJSON":false,"buffer":true,"appLogName":"init-web.log","coreLogName":"egg-web.log","agentLogName":"egg-agent.log","errorLogName":"common-error.log","coreLogger":{"consoleLevel":"WARN"},"allowDebugAtProd":false,"type":"application"}
2020-07-22 09:23:22,080 INFO 3672 [egg-multipart] stream mode enable
2020-07-22 09:23:22,142 INFO 3672 [egg-static] starting static serve /public/ -> E:\Nodejs\eggjsApiForJsShop\app\public
2020-07-22 09:23:22,144 INFO 3672 [egg-security] use csrf middleware
2020-07-22 09:23:22,145 INFO 3672 [egg-security] use methodnoallow middleware
2020-07-22 09:23:22,146 INFO 3672 [egg-security] use noopen middleware
2020-07-22 09:23:22,147 INFO 3672 [egg-security] use nosniff middleware
2020-07-22 09:23:22,148 INFO 3672 [egg-security] use xssProtection middleware
2020-07-22 09:23:22,148 INFO 3672 [egg-security] use xframe middleware
2020-07-22 09:23:22,149 INFO 3672 [egg-security] use dta middleware
2020-07-22 09:23:22,149 INFO 3672 [egg-security] compose 7 middlewares into one security middleware
2020-07-22 09:23:22,158 INFO 3672 [egg:core] dump config after load, 6ms
2020-07-22 09:23:22,168 INFO 3672 [egg-watcher:application] watcher start success
2020-07-22 09:23:22,177 INFO 3672 [egg:core] dump config after ready, 7ms
2020-07-22 09:23:52,692 INFO 16520 [egg:logger] init all loggers with options: {"dir":"E:\\Nodejs\\eggjsApiForJsShop\\logs\\init","encoding":"utf8","env":"local","level":"INFO","consoleLevel":"INFO","disableConsoleAfterReady":false,"outputJSON":false,"buffer":true,"appLogName":"init-web.log","coreLogName":"egg-web.log","agentLogName":"egg-agent.log","errorLogName":"common-error.log","coreLogger":{"consoleLevel":"WARN"},"allowDebugAtProd":false,"type":"application"}
2020-07-22 09:23:52,716 INFO 16520 [egg-multipart] stream mode enable
2020-07-22 09:23:52,777 INFO 16520 [egg-static] starting static serve /public/ -> E:\Nodejs\eggjsApiForJsShop\app\public
2020-07-22 09:23:52,779 INFO 16520 [egg-security] use csrf middleware
2020-07-22 09:23:52,780 INFO 16520 [egg-security] use methodnoallow middleware
2020-07-22 09:23:52,780 INFO 16520 [egg-security] use noopen middleware
2020-07-22 09:23:52,781 INFO 16520 [egg-security] use nosniff middleware
2020-07-22 09:23:52,782 INFO 16520 [egg-security] use xssProtection middleware
2020-07-22 09:23:52,782 INFO 16520 [egg-security] use xframe middleware
2020-07-22 09:23:52,783 INFO 16520 [egg-security] use dta middleware
2020-07-22 09:23:52,783 INFO 16520 [egg-security] compose 7 middlewares into one security middleware
2020-07-22 09:23:52,793 INFO 16520 [egg:core] dump config after load, 7ms
2020-07-22 09:23:52,803 INFO 16520 [egg-watcher:application] watcher start success
2020-07-22 09:23:52,811 INFO 16520 [egg:core] dump config after ready, 7ms
2020-07-22 09:30:39,104 INFO 9652 [egg:logger] init all loggers with options: {"dir":"E:\\Nodejs\\eggjsApiForJsShop\\logs\\init","encoding":"utf8","env":"local","level":"INFO","consoleLevel":"INFO","disableConsoleAfterReady":false,"outputJSON":false,"buffer":true,"appLogName":"init-web.log","coreLogName":"egg-web.log","agentLogName":"egg-agent.log","errorLogName":"common-error.log","coreLogger":{"consoleLevel":"WARN"},"allowDebugAtProd":false,"type":"application"}
2020-07-22 09:30:39,128 INFO 9652 [egg-multipart] stream mode enable
2020-07-22 09:30:39,190 INFO 9652 [egg-static] starting static serve /public/ -> E:\Nodejs\eggjsApiForJsShop\app\public
2020-07-22 09:30:39,192 INFO 9652 [egg-security] use csrf middleware
2020-07-22 09:30:39,194 INFO 9652 [egg-security] use methodnoallow middleware
2020-07-22 09:30:39,194 INFO 9652 [egg-security] use noopen middleware
2020-07-22 09:30:39,195 INFO 9652 [egg-security] use nosniff middleware
2020-07-22 09:30:39,195 INFO 9652 [egg-security] use xssProtection middleware
2020-07-22 09:30:39,196 INFO 9652 [egg-security] use xframe middleware
2020-07-22 09:30:39,196 INFO 9652 [egg-security] use dta middleware
2020-07-22 09:30:39,196 INFO 9652 [egg-security] compose 7 middlewares into one security middleware
2020-07-22 09:30:39,206 INFO 9652 [egg:core] dump config after load, 7ms
2020-07-22 09:30:39,215 INFO 9652 [egg-watcher:application] watcher start success
2020-07-22 09:30:39,223 INFO 9652 [egg:core] dump config after ready, 6ms
2020-07-22 09:56:26,345 INFO 7676 [egg:logger] init all loggers with options: {"dir":"E:\\Nodejs\\eggjsApiForJsShop\\logs\\init","encoding":"utf8","env":"local","level":"INFO","consoleLevel":"INFO","disableConsoleAfterReady":false,"outputJSON":false,"buffer":true,"appLogName":"init-web.log","coreLogName":"egg-web.log","agentLogName":"egg-agent.log","errorLogName":"common-error.log","coreLogger":{"consoleLevel":"WARN"},"allowDebugAtProd":false,"type":"application"}
2020-07-22 09:56:26,370 INFO 7676 [egg-multipart] stream mode enable
2020-07-22 09:56:26,432 INFO 7676 [egg-static] starting static serve /public/ -> E:\Nodejs\eggjsApiForJsShop\app\public
2020-07-22 09:56:26,434 INFO 7676 [egg-security] use csrf middleware
2020-07-22 09:56:26,435 INFO 7676 [egg-security] use methodnoallow middleware
2020-07-22 09:56:26,436 INFO 7676 [egg-security] use noopen middleware
2020-07-22 09:56:26,437 INFO 7676 [egg-security] use nosniff middleware
2020-07-22 09:56:26,437 INFO 7676 [egg-security] use xssProtection middleware
2020-07-22 09:56:26,438 INFO 7676 [egg-security] use xframe middleware
2020-07-22 09:56:26,438 INFO 7676 [egg-security] use dta middleware
2020-07-22 09:56:26,438 INFO 7676 [egg-security] compose 7 middlewares into one security middleware
2020-07-22 09:56:26,448 INFO 7676 [egg:core] dump config after load, 7ms
2020-07-22 09:56:26,457 INFO 7676 [egg-watcher:application] watcher start success
2020-07-22 09:56:26,465 INFO 7676 [egg:core] dump config after ready, 7ms
2020-07-22 13:39:41,575 WARN 7676 [ClusterClient:Watcher] follower closed, and try to init it again
2020-07-22 17:40:14,578 WARN 7676 [ClusterClient:Watcher] follower closed, and try to init it again
2020-07-23 10:17:08,867 INFO 12792 [egg:logger] init all loggers with options: {"dir":"E:\\Nodejs\\eggjsApiForJsShop\\logs\\init","encoding":"utf8","env":"local","level":"INFO","consoleLevel":"INFO","disableConsoleAfterReady":false,"outputJSON":false,"buffer":true,"appLogName":"init-web.log","coreLogName":"egg-web.log","agentLogName":"egg-agent.log","errorLogName":"common-error.log","coreLogger":{"consoleLevel":"WARN"},"allowDebugAtProd":false,"type":"application"}
2020-07-23 10:17:08,891 INFO 12792 [egg-multipart] stream mode enable
2020-07-23 10:17:09,015 INFO 12792 [egg-static] starting static serve /public/ -> E:\Nodejs\eggjsApiForJsShop\app\public
2020-07-23 10:17:09,019 INFO 12792 [egg-security] use csrf middleware
2020-07-23 10:17:09,021 INFO 12792 [egg-security] use methodnoallow middleware
2020-07-23 10:17:09,021 INFO 12792 [egg-security] use noopen middleware
2020-07-23 10:17:09,022 INFO 12792 [egg-security] use nosniff middleware
2020-07-23 10:17:09,023 INFO 12792 [egg-security] use xssProtection middleware
2020-07-23 10:17:09,024 INFO 12792 [egg-security] use xframe middleware
2020-07-23 10:17:09,024 INFO 12792 [egg-security] use dta middleware
2020-07-23 10:17:09,024 INFO 12792 [egg-security] compose 7 middlewares into one security middleware
2020-07-23 10:17:09,034 INFO 12792 [egg:core] dump config after load, 6ms
2020-07-23 10:17:09,046 INFO 12792 [egg-watcher:application] watcher start success
2020-07-23 10:17:09,054 INFO 12792 [egg:core] dump config after ready, 6ms
